<?xml version="1.0" encoding="UTF-8"?>
<!-- Generated by org.testng.reporters.JUnitReportReporter -->
<testsuite hostname="Ajeets-MacBook-Air.local" failures="0" tests="6" name="com.planit.tests.testcases.ContactFormTest" time="32.421" errors="0" timestamp="2025-06-02T09:53:09 AEST" skipped="0">
  <testcase classname="com.planit.tests.testcases.ContactFormTest" name="testEmptyFormValidation" time="4.618"/>
  <system-out/>
  <testcase classname="com.planit.tests.testcases.ContactFormTest" name="testValidFormSubmission" time="3.263"/>
  <system-out/>
  <testcase classname="com.planit.tests.testcases.ContactFormTest" name="testValidFormSubmission" time="4.130"/>
  <system-out/>
  <testcase classname="com.planit.tests.testcases.ContactFormTest" name="testValidFormSubmission" time="3.882"/>
  <system-out/>
  <testcase classname="com.planit.tests.testcases.ContactFormTest" name="testValidFormSubmission" time="13.800"/>
  <system-out/>
  <testcase classname="com.planit.tests.testcases.ContactFormTest" name="testValidFormSubmission" time="2.728"/>
  <system-out/>
</testsuite> <!-- com.planit.tests.testcases.ContactFormTest -->
