<?xml version="1.0" encoding="UTF-8"?>
<!-- Generated by org.testng.reporters.JUnitReportReporter -->
<testsuite hostname="Ajeets-MacBook-Air.local" failures="0" tests="1" name="com.planit.tests.testcases.ShoppingCartTest" time="8.330" errors="0" timestamp="2025-06-01T11:25:25 AEST" skipped="0">
  <testcase classname="com.planit.tests.testcases.ShoppingCartTest" name="testAddProductsToCart" time="8.330"/>
  <system-out/>
</testsuite> <!-- com.planit.tests.testcases.ShoppingCartTest -->
