<?xml version="1.0" encoding="UTF-8"?>
<!-- Generated by org.testng.reporters.JUnitReportReporter -->
<testsuite hostname="Ajeets-MacBook-Air.local" failures="0" tests="5" name="com.planit.tests.testcases.ContactFormTest" time="29.586" errors="0" timestamp="2025-06-07T16:05:50 AEST" skipped="0">
  <testcase classname="com.planit.tests.testcases.ContactFormTest" name="testValidFormSubmission" time="4.386"/>
  <system-out/>
  <testcase classname="com.planit.tests.testcases.ContactFormTest" name="testValidFormSubmission" time="12.964"/>
  <system-out/>
  <testcase classname="com.planit.tests.testcases.ContactFormTest" name="testValidFormSubmission" time="3.578"/>
  <system-out/>
  <testcase classname="com.planit.tests.testcases.ContactFormTest" name="testValidFormSubmission" time="6.256"/>
  <system-out/>
  <testcase classname="com.planit.tests.testcases.ContactFormTest" name="testValidFormSubmission" time="2.402"/>
  <system-out/>
</testsuite> <!-- com.planit.tests.testcases.ContactFormTest -->
