<?xml version="1.0" encoding="UTF-8"?>
<!-- Generated by org.testng.reporters.JUnitReportReporter -->
<testsuite hostname="Ajeets-MacBook-Air.local" failures="0" tests="6" name="com.planit.tests.testcases.ContactFormTest" time="52.056" errors="0" timestamp="2025-06-01T11:25:25 AEST" skipped="0">
  <testcase classname="com.planit.tests.testcases.ContactFormTest" name="testEmptyFormValidation" time="5.007"/>
  <system-out/>
  <testcase classname="com.planit.tests.testcases.ContactFormTest" name="testValidFormSubmission" time="1.897"/>
  <system-out/>
  <testcase classname="com.planit.tests.testcases.ContactFormTest" name="testValidFormSubmission" time="5.989"/>
  <system-out/>
  <testcase classname="com.planit.tests.testcases.ContactFormTest" name="testValidFormSubmission" time="11.940"/>
  <system-out/>
  <testcase classname="com.planit.tests.testcases.ContactFormTest" name="testValidFormSubmission" time="15.588"/>
  <system-out/>
  <testcase classname="com.planit.tests.testcases.ContactFormTest" name="testValidFormSubmission" time="11.635"/>
  <system-out/>
</testsuite> <!-- com.planit.tests.testcases.ContactFormTest -->
