<?xml version="1.0" encoding="UTF-8"?>
<!-- Generated by org.testng.reporters.JUnitReportReporter -->
<testsuite hostname="Ajeets-MacBook-Air.local" failures="0" tests="6" name="com.planit.tests.testcases.ContactFormTest" time="35.374" errors="0" timestamp="2025-06-02T21:55:30 AEST" skipped="0">
  <testcase classname="com.planit.tests.testcases.ContactFormTest" name="testEmptyFormValidation" time="4.886"/>
  <system-out/>
  <testcase classname="com.planit.tests.testcases.ContactFormTest" name="testValidFormSubmission" time="4.969"/>
  <system-out/>
  <testcase classname="com.planit.tests.testcases.ContactFormTest" name="testValidFormSubmission" time="13.029"/>
  <system-out/>
  <testcase classname="com.planit.tests.testcases.ContactFormTest" name="testValidFormSubmission" time="3.104"/>
  <system-out/>
  <testcase classname="com.planit.tests.testcases.ContactFormTest" name="testValidFormSubmission" time="6.555"/>
  <system-out/>
  <testcase classname="com.planit.tests.testcases.ContactFormTest" name="testValidFormSubmission" time="2.831"/>
  <system-out/>
</testsuite> <!-- com.planit.tests.testcases.ContactFormTest -->
